#
# A fatal error has been detected by the Java Runtime Environment:
#
#  Internal Error (classFileParser.cpp:3494), pid=3883, tid=3061771072
#  Error: ShouldNotReachHere()
#
# JRE version: 6.0_24-b24
# Java VM: OpenJDK Server VM (20.0-b12 mixed mode linux-x86 )
# Derivative: IcedTea6 1.11.5
# Distribution: Ubuntu 12.04 LTS, package 6b24-1.11.5-0ubuntu1~12.04.1
# If you would like to submit a bug report, please include
# instructions how to reproduce the bug and visit:
#   https://bugs.launchpad.net/ubuntu/+source/openjdk-6/
#

---------------  T H R E A D  ---------------

Current thread (0xb6605400):  JavaThread "Unknown thread" [_thread_in_vm, id=3888, stack(0xb679e000,0xb67ef000)]

Stack: [0xb679e000,0xb67ef000]
[error occurred during error reporting (printing stack bounds), id 0xb]


[error occurred during error reporting (printing native stack), id 0xb]


---------------  P R O C E S S  ---------------

Java Threads: ( => current thread )

Other Threads:

=>0xb6605400 (exited) JavaThread "Unknown thread" [_thread_in_vm, id=3888, stack(0xb679e000,0xb67ef000)]

VM state:not at safepoint (not fully initialized)

VM Mutex/Monitor currently owned by a thread: None

Dynamic libraries:
08048000-08051000 r-xp 00000000 08:06 11277398   /usr/lib/jvm/java-6-openjdk-i386/jre/bin/java
08051000-08052000 r--p 00008000 08:06 11277398   /usr/lib/jvm/java-6-openjdk-i386/jre/bin/java
08052000-08053000 rw-p 00009000 08:06 11277398   /usr/lib/jvm/java-6-openjdk-i386/jre/bin/java
09b5c000-09b7d000 rw-p 00000000 00:00 0          [heap]
8af00000-8af21000 rw-p 00000000 00:00 0 
8af21000-8b000000 ---p 00000000 00:00 0 
8b03b000-8b100000 r--s 0115c000 08:06 6167837    /home/kavindudiyes/Android/adt-bundle-linux-x86/sdk/platforms/android-17/android.jar
8b100000-8b121000 rw-p 00000000 00:00 0 
8b121000-8b200000 ---p 00000000 00:00 0 
8b212000-8b213000 ---p 00000000 00:00 0 
8b213000-8b293000 rw-p 00000000 00:00 0 
8b293000-8b294000 ---p 00000000 00:00 0 
8b294000-8b31c000 rw-p 00000000 00:00 0 
8b31c000-8b354000 rw-p 00000000 00:00 0 
8b354000-8b35f000 rw-p 00000000 00:00 0 
8b35f000-8b3ff000 rw-p 00000000 00:00 0 
8b3ff000-8b407000 rw-p 00000000 00:00 0 
8b407000-8b43f000 rw-p 00000000 00:00 0 
8b43f000-8b44a000 rw-p 00000000 00:00 0 
8b44a000-8b4e9000 rw-p 00000000 00:00 0 
8b4e9000-8b4ef000 rw-p 00000000 00:00 0 
8b4ef000-8b53f000 rw-p 00000000 00:00 0 
8b53f000-8c540000 rw-p 00000000 00:00 0 
8c540000-93540000 rw-p 00000000 00:00 0 
93540000-949e0000 rw-p 00000000 00:00 0 
949e0000-a8aa0000 rw-p 00000000 00:00 0 
a8aa0000-a94f0000 rw-p 00000000 00:00 0 
a94f0000-b3540000 rw-p 00000000 00:00 0 
b3540000-b3549000 rw-p 00000000 00:00 0 
b3549000-b3600000 rw-p 00000000 00:00 0 
b3600000-b3840000 rwxp 00000000 00:00 0 
b3840000-b6661000 rw-p 00000000 00:00 0 
b6661000-b6700000 ---p 00000000 00:00 0 
b671d000-b6728000 r-xp 00000000 08:06 5636606    /lib/i386-linux-gnu/libnss_files-2.15.so
b6728000-b6729000 r--p 0000a000 08:06 5636606    /lib/i386-linux-gnu/libnss_files-2.15.so
b6729000-b672a000 rw-p 0000b000 08:06 5636606    /lib/i386-linux-gnu/libnss_files-2.15.so
b672a000-b6734000 r-xp 00000000 08:06 5636613    /lib/i386-linux-gnu/libnss_nis-2.15.so
b6734000-b6735000 r--p 00009000 08:06 5636613    /lib/i386-linux-gnu/libnss_nis-2.15.so
b6735000-b6736000 rw-p 0000a000 08:06 5636613    /lib/i386-linux-gnu/libnss_nis-2.15.so
b6736000-b674c000 r-xp 00000000 08:06 5636625    /lib/i386-linux-gnu/libnsl-2.15.so
b674c000-b674d000 r--p 00015000 08:06 5636625    /lib/i386-linux-gnu/libnsl-2.15.so
b674d000-b674e000 rw-p 00016000 08:06 5636625    /lib/i386-linux-gnu/libnsl-2.15.so
b674e000-b6750000 rw-p 00000000 00:00 0 
b6750000-b6757000 r-xp 00000000 08:06 5636601    /lib/i386-linux-gnu/libnss_compat-2.15.so
b6757000-b6758000 r--p 00006000 08:06 5636601    /lib/i386-linux-gnu/libnss_compat-2.15.so
b6758000-b6759000 rw-p 00007000 08:06 5636601    /lib/i386-linux-gnu/libnss_compat-2.15.so
b675b000-b6762000 r-xp 00000000 08:06 11406120   /usr/lib/jvm/java-6-openjdk-i386/jre/lib/i386/libzip.so
b6762000-b6763000 r--p 00006000 08:06 11406120   /usr/lib/jvm/java-6-openjdk-i386/jre/lib/i386/libzip.so
b6763000-b6764000 rw-p 00007000 08:06 11406120   /usr/lib/jvm/java-6-openjdk-i386/jre/lib/i386/libzip.so
b6764000-b676c000 rw-s 00000000 08:06 10498634   /tmp/hsperfdata_kavindudiyes/3883
b676c000-b6792000 r-xp 00000000 08:06 11406119   /usr/lib/jvm/java-6-openjdk-i386/jre/lib/i386/libjava.so
b6792000-b6793000 r--p 00025000 08:06 11406119   /usr/lib/jvm/java-6-openjdk-i386/jre/lib/i386/libjava.so
b6793000-b6795000 rw-p 00026000 08:06 11406119   /usr/lib/jvm/java-6-openjdk-i386/jre/lib/i386/libjava.so
b6795000-b679c000 r-xp 00000000 08:06 5636612    /lib/i386-linux-gnu/librt-2.15.so
b679c000-b679d000 r--p 00006000 08:06 5636612    /lib/i386-linux-gnu/librt-2.15.so
b679d000-b679e000 rw-p 00007000 08:06 5636612    /lib/i386-linux-gnu/librt-2.15.so
b679e000-b67a1000 ---p 00000000 00:00 0 
b67a1000-b67ef000 rw-p 00000000 00:00 0 
b67ef000-b680b000 r-xp 00000000 08:06 5637044    /lib/i386-linux-gnu/libgcc_s.so.1
b680b000-b680c000 r--p 0001b000 08:06 5637044    /lib/i386-linux-gnu/libgcc_s.so.1
b680c000-b680d000 rw-p 0001c000 08:06 5637044    /lib/i386-linux-gnu/libgcc_s.so.1
b680d000-b6837000 r-xp 00000000 08:06 5636616    /lib/i386-linux-gnu/libm-2.15.so
b6837000-b6838000 r--p 00029000 08:06 5636616    /lib/i386-linux-gnu/libm-2.15.so
b6838000-b6839000 rw-p 0002a000 08:06 5636616    /lib/i386-linux-gnu/libm-2.15.so
b6839000-b6911000 r-xp 00000000 08:06 9180117    /usr/lib/i386-linux-gnu/libstdc++.so.6.0.16
b6911000-b6912000 ---p 000d8000 08:06 9180117    /usr/lib/i386-linux-gnu/libstdc++.so.6.0.16
b6912000-b6916000 r--p 000d8000 08:06 9180117    /usr/lib/i386-linux-gnu/libstdc++.so.6.0.16
b6916000-b6917000 rw-p 000dc000 08:06 9180117    /usr/lib/i386-linux-gnu/libstdc++.so.6.0.16
b6917000-b691e000 rw-p 00000000 00:00 0 
b691e000-b713d000 r-xp 00000000 08:06 11406135   /usr/lib/jvm/java-6-openjdk-i386/jre/lib/i386/server/libjvm.so
b713d000-b713e000 ---p 0081f000 08:06 11406135   /usr/lib/jvm/java-6-openjdk-i386/jre/lib/i386/server/libjvm.so
b713e000-b7183000 r--p 0081f000 08:06 11406135   /usr/lib/jvm/java-6-openjdk-i386/jre/lib/i386/server/libjvm.so
b7183000-b7192000 rw-p 00864000 08:06 11406135   /usr/lib/jvm/java-6-openjdk-i386/jre/lib/i386/server/libjvm.so
b7192000-b75ae000 rw-p 00000000 00:00 0 
b75ae000-b75c2000 r-xp 00000000 08:06 5637134    /lib/i386-linux-gnu/libz.so.1.2.3.4
b75c2000-b75c3000 r--p 00013000 08:06 5637134    /lib/i386-linux-gnu/libz.so.1.2.3.4
b75c3000-b75c4000 rw-p 00014000 08:06 5637134    /lib/i386-linux-gnu/libz.so.1.2.3.4
b75c4000-b7767000 r-xp 00000000 08:06 5636599    /lib/i386-linux-gnu/libc-2.15.so
b7767000-b7768000 ---p 001a3000 08:06 5636599    /lib/i386-linux-gnu/libc-2.15.so
b7768000-b776a000 r--p 001a3000 08:06 5636599    /lib/i386-linux-gnu/libc-2.15.so
b776a000-b776b000 rw-p 001a5000 08:06 5636599    /lib/i386-linux-gnu/libc-2.15.so
b776b000-b776e000 rw-p 00000000 00:00 0 
b776e000-b7771000 r-xp 00000000 08:06 5636620    /lib/i386-linux-gnu/libdl-2.15.so
b7771000-b7772000 r--p 00002000 08:06 5636620    /lib/i386-linux-gnu/libdl-2.15.so
b7772000-b7773000 rw-p 00003000 08:06 5636620    /lib/i386-linux-gnu/libdl-2.15.so
b7773000-b7777000 r-xp 00000000 08:06 11406148   /usr/lib/jvm/java-6-openjdk-i386/jre/lib/i386/jli/libjli.so
b7777000-b7778000 r--p 00003000 08:06 11406148   /usr/lib/jvm/java-6-openjdk-i386/jre/lib/i386/jli/libjli.so
b7778000-b7779000 rw-p 00004000 08:06 11406148   /usr/lib/jvm/java-6-openjdk-i386/jre/lib/i386/jli/libjli.so
b7779000-b777a000 rw-p 00000000 00:00 0 
b777a000-b7791000 r-xp 00000000 08:06 5636614    /lib/i386-linux-gnu/libpthread-2.15.so
b7791000-b7792000 r--p 00016000 08:06 5636614    /lib/i386-linux-gnu/libpthread-2.15.so
b7792000-b7793000 rw-p 00017000 08:06 5636614    /lib/i386-linux-gnu/libpthread-2.15.so
b7793000-b7795000 rw-p 00000000 00:00 0 
b7798000-b7799000 rw-p 00000000 00:00 0 
b7799000-b779a000 r--p 00000000 00:00 0 
b779a000-b77a5000 r-xp 00000000 08:06 11406146   /usr/lib/jvm/java-6-openjdk-i386/jre/lib/i386/libverify.so
b77a5000-b77a6000 ---p 0000b000 08:06 11406146   /usr/lib/jvm/java-6-openjdk-i386/jre/lib/i386/libverify.so
b77a6000-b77a7000 r--p 0000b000 08:06 11406146   /usr/lib/jvm/java-6-openjdk-i386/jre/lib/i386/libverify.so
b77a7000-b77a8000 rw-p 0000c000 08:06 11406146   /usr/lib/jvm/java-6-openjdk-i386/jre/lib/i386/libverify.so
b77a8000-b77aa000 rw-p 00000000 00:00 0 
b77aa000-b77ab000 r-xp 00000000 00:00 0          [vdso]
b77ab000-b77cb000 r-xp 00000000 08:06 5636617    /lib/i386-linux-gnu/ld-2.15.so
b77cb000-b77cc000 r--p 0001f000 08:06 5636617    /lib/i386-linux-gnu/ld-2.15.so
b77cc000-b77cd000 rw-p 00020000 08:06 5636617    /lib/i386-linux-gnu/ld-2.15.so
bfdda000-bfdfb000 rw-p 00000000 00:00 0          [stack]

VM Arguments:
jvm_args: -Dfile.encoding=UTF-8 -Xbootclasspath:/home/kavindudiyes/Android/adt-bundle-linux-x86/sdk/platforms/android-17/android.jar 
java_command: com.example.three_nought_four.CardPack
Launcher Type: SUN_STANDARD

Environment Variables:
PATH=/usr/lib/lightdm/lightdm:/usr/local/sbin:/usr/local/bin:/usr/sbin:/usr/bin:/sbin:/bin:/usr/games
LD_LIBRARY_PATH=/usr/lib/jvm/java-6-openjdk-i386/jre/lib/i386/server:/usr/lib/jvm/java-6-openjdk-i386/jre/lib/i386:/usr/lib/jvm/java-6-openjdk-i386/jre/../lib/i386:/usr/lib/jvm/java-6-openjdk-i386/jre/lib/i386/client:/usr/lib/jvm/java-6-openjdk-i386/jre/lib/i386:
SHELL=/bin/bash
DISPLAY=:0

Signal Handlers:
SIGSEGV: [libjvm.so+0x66b320], sa_mask[0]=0x7ffbfeff, sa_flags=0x10000004
SIGBUS: [libjvm.so+0x66b320], sa_mask[0]=0x7ffbfeff, sa_flags=0x10000004
SIGFPE: [libjvm.so+0x52e8c0], sa_mask[0]=0x7ffbfeff, sa_flags=0x10000004
SIGPIPE: [libjvm.so+0x52e8c0], sa_mask[0]=0x7ffbfeff, sa_flags=0x10000004
SIGXFSZ: [libjvm.so+0x52e8c0], sa_mask[0]=0x7ffbfeff, sa_flags=0x10000004
SIGILL: [libjvm.so+0x52e8c0], sa_mask[0]=0x7ffbfeff, sa_flags=0x10000004
SIGUSR1: SIG_DFL, sa_mask[0]=0x00000000, sa_flags=0x00000000
SIGUSR2: [libjvm.so+0x52e750], sa_mask[0]=0x00000004, sa_flags=0x10000004
SIGHUP: SIG_DFL, sa_mask[0]=0x00000000, sa_flags=0x00000000
SIGINT: SIG_DFL, sa_mask[0]=0x00000000, sa_flags=0x00000000
SIGTERM: SIG_DFL, sa_mask[0]=0x00000000, sa_flags=0x00000000
SIGQUIT: SIG_DFL, sa_mask[0]=0x00000000, sa_flags=0x00000000


---------------  S Y S T E M  ---------------

OS:Ubuntu 12.04 (precise)
uname:Linux 3.2.0-35-generic-pae #55-Ubuntu SMP Wed Dec 5 18:04:39 UTC 2012 i686
libc:glibc 2.15 NPTL 2.15 
rlimit: STACK 8192k, CORE 0k, NPROC 15719, NOFILE 4096, AS infinity
load average:0.56 0.26 0.35

/proc/meminfo:
MemTotal:        2026604 kB
MemFree:          201224 kB
Buffers:           43808 kB
Cached:          1074476 kB
SwapCached:          240 kB
Active:           924216 kB
Inactive:         821740 kB
Active(anon):     532968 kB
Inactive(anon):   437700 kB
Active(file):     391248 kB
Inactive(file):   384040 kB
Unevictable:          16 kB
Mlocked:              16 kB
HighTotal:       1148552 kB
HighFree:          28832 kB
LowTotal:         878052 kB
LowFree:          172392 kB
SwapTotal:        975868 kB
SwapFree:         972712 kB
Dirty:               612 kB
Writeback:             0 kB
AnonPages:        627460 kB
Mapped:           173768 kB
Shmem:            343048 kB
Slab:              48876 kB
SReclaimable:      32352 kB
SUnreclaim:        16524 kB
KernelStack:        3848 kB
PageTables:         9996 kB
NFS_Unstable:          0 kB
Bounce:                0 kB
WritebackTmp:          0 kB
CommitLimit:     1989168 kB
Committed_AS:    3926804 kB
VmallocTotal:     122880 kB
VmallocUsed:       18676 kB
VmallocChunk:      96168 kB
HardwareCorrupted:     0 kB
AnonHugePages:         0 kB
HugePages_Total:       0
HugePages_Free:        0
HugePages_Rsvd:        0
HugePages_Surp:        0
Hugepagesize:       2048 kB
DirectMap4k:       10232 kB
DirectMap2M:      903168 kB


CPU:total 2 (2 cores per cpu, 1 threads per core) family 6 model 23 stepping 10, cmov, cx8, fxsr, mmx, sse, sse2, sse3, ssse3

Memory: 4k page, physical 2026604k(201224k free), swap 975868k(972712k free)

vm_info: OpenJDK Server VM (20.0-b12) for linux-x86 JRE (1.6.0_24-b24), built on Oct 24 2012 16:19:13 by "buildd" with gcc 4.6.3

time: Thu Feb  7 22:31:57 2013
elapsed time: 0 seconds

