#
# A fatal error has been detected by the Java Runtime Environment:
#
#  Internal Error (classFileParser.cpp:3494), pid=3599, tid=3061074752
#  Error: ShouldNotReachHere()
#
# JRE version: 6.0_24-b24
# Java VM: OpenJDK Server VM (20.0-b12 mixed mode linux-x86 )
# Derivative: IcedTea6 1.11.5
# Distribution: Ubuntu 12.04 LTS, package 6b24-1.11.5-0ubuntu1~12.04.1
# If you would like to submit a bug report, please include
# instructions how to reproduce the bug and visit:
#   https://bugs.launchpad.net/ubuntu/+source/openjdk-6/
#

---------------  T H R E A D  ---------------

Current thread (0xb6505400):  JavaThread "Unknown thread" [_thread_in_vm, id=3600, stack(0xb66f4000,0xb6745000)]

Stack: [0xb66f4000,0xb6745000]
[error occurred during error reporting (printing stack bounds), id 0xb]


[error occurred during error reporting (printing native stack), id 0xb]


---------------  P R O C E S S  ---------------

Java Threads: ( => current thread )

Other Threads:

=>0xb6505400 (exited) JavaThread "Unknown thread" [_thread_in_vm, id=3600, stack(0xb66f4000,0xb6745000)]

VM state:not at safepoint (not fully initialized)

VM Mutex/Monitor currently owned by a thread: None

Dynamic libraries:
08048000-08051000 r-xp 00000000 08:06 11277398   /usr/lib/jvm/java-6-openjdk-i386/jre/bin/java
08051000-08052000 r--p 00008000 08:06 11277398   /usr/lib/jvm/java-6-openjdk-i386/jre/bin/java
08052000-08053000 rw-p 00009000 08:06 11277398   /usr/lib/jvm/java-6-openjdk-i386/jre/bin/java
092e5000-09306000 rw-p 00000000 00:00 0          [heap]
8ae00000-8ae21000 rw-p 00000000 00:00 0 
8ae21000-8af00000 ---p 00000000 00:00 0 
8af3b000-8b000000 r--s 0115c000 08:06 6167837    /home/kavindudiyes/Android/adt-bundle-linux-x86/sdk/platforms/android-17/android.jar
8b000000-8b021000 rw-p 00000000 00:00 0 
8b021000-8b100000 ---p 00000000 00:00 0 
8b152000-8b153000 ---p 00000000 00:00 0 
8b153000-8b1d3000 rw-p 00000000 00:00 0 
8b1d3000-8b1d4000 ---p 00000000 00:00 0 
8b1d4000-8b25f000 rw-p 00000000 00:00 0 
8b25f000-8b2ff000 rw-p 00000000 00:00 0 
8b2ff000-8b307000 rw-p 00000000 00:00 0 
8b307000-8b33f000 rw-p 00000000 00:00 0 
8b33f000-8b34a000 rw-p 00000000 00:00 0 
8b34a000-8b3e9000 rw-p 00000000 00:00 0 
8b3e9000-8b3ef000 rw-p 00000000 00:00 0 
8b3ef000-8b43f000 rw-p 00000000 00:00 0 
8b43f000-8c440000 rw-p 00000000 00:00 0 
8c440000-93440000 rw-p 00000000 00:00 0 
93440000-948e0000 rw-p 00000000 00:00 0 
948e0000-a89a0000 rw-p 00000000 00:00 0 
a89a0000-a93f0000 rw-p 00000000 00:00 0 
a93f0000-b3440000 rw-p 00000000 00:00 0 
b3440000-b3449000 rw-p 00000000 00:00 0 
b3449000-b3500000 rw-p 00000000 00:00 0 
b3500000-b3740000 rwxp 00000000 00:00 0 
b3740000-b6561000 rw-p 00000000 00:00 0 
b6561000-b6600000 ---p 00000000 00:00 0 
b6633000-b663b000 rw-p 00000000 00:00 0 
b663b000-b6673000 rw-p 00000000 00:00 0 
b6673000-b667e000 r-xp 00000000 08:06 5636606    /lib/i386-linux-gnu/libnss_files-2.15.so
b667e000-b667f000 r--p 0000a000 08:06 5636606    /lib/i386-linux-gnu/libnss_files-2.15.so
b667f000-b6680000 rw-p 0000b000 08:06 5636606    /lib/i386-linux-gnu/libnss_files-2.15.so
b6680000-b668a000 r-xp 00000000 08:06 5636613    /lib/i386-linux-gnu/libnss_nis-2.15.so
b668a000-b668b000 r--p 00009000 08:06 5636613    /lib/i386-linux-gnu/libnss_nis-2.15.so
b668b000-b668c000 rw-p 0000a000 08:06 5636613    /lib/i386-linux-gnu/libnss_nis-2.15.so
b668c000-b66a2000 r-xp 00000000 08:06 5636625    /lib/i386-linux-gnu/libnsl-2.15.so
b66a2000-b66a3000 r--p 00015000 08:06 5636625    /lib/i386-linux-gnu/libnsl-2.15.so
b66a3000-b66a4000 rw-p 00016000 08:06 5636625    /lib/i386-linux-gnu/libnsl-2.15.so
b66a4000-b66a6000 rw-p 00000000 00:00 0 
b66a6000-b66ad000 r-xp 00000000 08:06 5636601    /lib/i386-linux-gnu/libnss_compat-2.15.so
b66ad000-b66ae000 r--p 00006000 08:06 5636601    /lib/i386-linux-gnu/libnss_compat-2.15.so
b66ae000-b66af000 rw-p 00007000 08:06 5636601    /lib/i386-linux-gnu/libnss_compat-2.15.so
b66b1000-b66b8000 r-xp 00000000 08:06 11406120   /usr/lib/jvm/java-6-openjdk-i386/jre/lib/i386/libzip.so
b66b8000-b66b9000 r--p 00006000 08:06 11406120   /usr/lib/jvm/java-6-openjdk-i386/jre/lib/i386/libzip.so
b66b9000-b66ba000 rw-p 00007000 08:06 11406120   /usr/lib/jvm/java-6-openjdk-i386/jre/lib/i386/libzip.so
b66ba000-b66c2000 rw-s 00000000 08:06 10498634   /tmp/hsperfdata_kavindudiyes/3599
b66c2000-b66e8000 r-xp 00000000 08:06 11406119   /usr/lib/jvm/java-6-openjdk-i386/jre/lib/i386/libjava.so
b66e8000-b66e9000 r--p 00025000 08:06 11406119   /usr/lib/jvm/java-6-openjdk-i386/jre/lib/i386/libjava.so
b66e9000-b66eb000 rw-p 00026000 08:06 11406119   /usr/lib/jvm/java-6-openjdk-i386/jre/lib/i386/libjava.so
b66eb000-b66f2000 r-xp 00000000 08:06 5636612    /lib/i386-linux-gnu/librt-2.15.so
b66f2000-b66f3000 r--p 00006000 08:06 5636612    /lib/i386-linux-gnu/librt-2.15.so
b66f3000-b66f4000 rw-p 00007000 08:06 5636612    /lib/i386-linux-gnu/librt-2.15.so
b66f4000-b66f7000 ---p 00000000 00:00 0 
b66f7000-b6745000 rw-p 00000000 00:00 0 
b6745000-b6761000 r-xp 00000000 08:06 5637044    /lib/i386-linux-gnu/libgcc_s.so.1
b6761000-b6762000 r--p 0001b000 08:06 5637044    /lib/i386-linux-gnu/libgcc_s.so.1
b6762000-b6763000 rw-p 0001c000 08:06 5637044    /lib/i386-linux-gnu/libgcc_s.so.1
b6763000-b678d000 r-xp 00000000 08:06 5636616    /lib/i386-linux-gnu/libm-2.15.so
b678d000-b678e000 r--p 00029000 08:06 5636616    /lib/i386-linux-gnu/libm-2.15.so
b678e000-b678f000 rw-p 0002a000 08:06 5636616    /lib/i386-linux-gnu/libm-2.15.so
b678f000-b6867000 r-xp 00000000 08:06 9180117    /usr/lib/i386-linux-gnu/libstdc++.so.6.0.16
b6867000-b6868000 ---p 000d8000 08:06 9180117    /usr/lib/i386-linux-gnu/libstdc++.so.6.0.16
b6868000-b686c000 r--p 000d8000 08:06 9180117    /usr/lib/i386-linux-gnu/libstdc++.so.6.0.16
b686c000-b686d000 rw-p 000dc000 08:06 9180117    /usr/lib/i386-linux-gnu/libstdc++.so.6.0.16
b686d000-b6874000 rw-p 00000000 00:00 0 
b6874000-b7093000 r-xp 00000000 08:06 11406135   /usr/lib/jvm/java-6-openjdk-i386/jre/lib/i386/server/libjvm.so
b7093000-b7094000 ---p 0081f000 08:06 11406135   /usr/lib/jvm/java-6-openjdk-i386/jre/lib/i386/server/libjvm.so
b7094000-b70d9000 r--p 0081f000 08:06 11406135   /usr/lib/jvm/java-6-openjdk-i386/jre/lib/i386/server/libjvm.so
b70d9000-b70e8000 rw-p 00864000 08:06 11406135   /usr/lib/jvm/java-6-openjdk-i386/jre/lib/i386/server/libjvm.so
b70e8000-b7504000 rw-p 00000000 00:00 0 
b7504000-b7518000 r-xp 00000000 08:06 5637134    /lib/i386-linux-gnu/libz.so.1.2.3.4
b7518000-b7519000 r--p 00013000 08:06 5637134    /lib/i386-linux-gnu/libz.so.1.2.3.4
b7519000-b751a000 rw-p 00014000 08:06 5637134    /lib/i386-linux-gnu/libz.so.1.2.3.4
b751a000-b76bd000 r-xp 00000000 08:06 5636599    /lib/i386-linux-gnu/libc-2.15.so
b76bd000-b76be000 ---p 001a3000 08:06 5636599    /lib/i386-linux-gnu/libc-2.15.so
b76be000-b76c0000 r--p 001a3000 08:06 5636599    /lib/i386-linux-gnu/libc-2.15.so
b76c0000-b76c1000 rw-p 001a5000 08:06 5636599    /lib/i386-linux-gnu/libc-2.15.so
b76c1000-b76c4000 rw-p 00000000 00:00 0 
b76c4000-b76c7000 r-xp 00000000 08:06 5636620    /lib/i386-linux-gnu/libdl-2.15.so
b76c7000-b76c8000 r--p 00002000 08:06 5636620    /lib/i386-linux-gnu/libdl-2.15.so
b76c8000-b76c9000 rw-p 00003000 08:06 5636620    /lib/i386-linux-gnu/libdl-2.15.so
b76c9000-b76cd000 r-xp 00000000 08:06 11406148   /usr/lib/jvm/java-6-openjdk-i386/jre/lib/i386/jli/libjli.so
b76cd000-b76ce000 r--p 00003000 08:06 11406148   /usr/lib/jvm/java-6-openjdk-i386/jre/lib/i386/jli/libjli.so
b76ce000-b76cf000 rw-p 00004000 08:06 11406148   /usr/lib/jvm/java-6-openjdk-i386/jre/lib/i386/jli/libjli.so
b76cf000-b76d0000 rw-p 00000000 00:00 0 
b76d0000-b76e7000 r-xp 00000000 08:06 5636614    /lib/i386-linux-gnu/libpthread-2.15.so
b76e7000-b76e8000 r--p 00016000 08:06 5636614    /lib/i386-linux-gnu/libpthread-2.15.so
b76e8000-b76e9000 rw-p 00017000 08:06 5636614    /lib/i386-linux-gnu/libpthread-2.15.so
b76e9000-b76eb000 rw-p 00000000 00:00 0 
b76ee000-b76ef000 rw-p 00000000 00:00 0 
b76ef000-b76f0000 r--p 00000000 00:00 0 
b76f0000-b76fb000 r-xp 00000000 08:06 11406146   /usr/lib/jvm/java-6-openjdk-i386/jre/lib/i386/libverify.so
b76fb000-b76fc000 ---p 0000b000 08:06 11406146   /usr/lib/jvm/java-6-openjdk-i386/jre/lib/i386/libverify.so
b76fc000-b76fd000 r--p 0000b000 08:06 11406146   /usr/lib/jvm/java-6-openjdk-i386/jre/lib/i386/libverify.so
b76fd000-b76fe000 rw-p 0000c000 08:06 11406146   /usr/lib/jvm/java-6-openjdk-i386/jre/lib/i386/libverify.so
b76fe000-b7700000 rw-p 00000000 00:00 0 
b7700000-b7701000 r-xp 00000000 00:00 0          [vdso]
b7701000-b7721000 r-xp 00000000 08:06 5636617    /lib/i386-linux-gnu/ld-2.15.so
b7721000-b7722000 r--p 0001f000 08:06 5636617    /lib/i386-linux-gnu/ld-2.15.so
b7722000-b7723000 rw-p 00020000 08:06 5636617    /lib/i386-linux-gnu/ld-2.15.so
bfaef000-bfb10000 rw-p 00000000 00:00 0          [stack]

VM Arguments:
jvm_args: -Dfile.encoding=UTF-8 -Xbootclasspath:/home/kavindudiyes/Android/adt-bundle-linux-x86/sdk/platforms/android-17/android.jar 
java_command: com.example.three_nought_four.CardPack
Launcher Type: SUN_STANDARD

Environment Variables:
PATH=/usr/lib/lightdm/lightdm:/usr/local/sbin:/usr/local/bin:/usr/sbin:/usr/bin:/sbin:/bin:/usr/games
LD_LIBRARY_PATH=/usr/lib/jvm/java-6-openjdk-i386/jre/lib/i386/server:/usr/lib/jvm/java-6-openjdk-i386/jre/lib/i386:/usr/lib/jvm/java-6-openjdk-i386/jre/../lib/i386:/usr/lib/jvm/java-6-openjdk-i386/jre/lib/i386/client:/usr/lib/jvm/java-6-openjdk-i386/jre/lib/i386:
SHELL=/bin/bash
DISPLAY=:0

Signal Handlers:
SIGSEGV: [libjvm.so+0x66b320], sa_mask[0]=0x7ffbfeff, sa_flags=0x10000004
SIGBUS: [libjvm.so+0x66b320], sa_mask[0]=0x7ffbfeff, sa_flags=0x10000004
SIGFPE: [libjvm.so+0x52e8c0], sa_mask[0]=0x7ffbfeff, sa_flags=0x10000004
SIGPIPE: [libjvm.so+0x52e8c0], sa_mask[0]=0x7ffbfeff, sa_flags=0x10000004
SIGXFSZ: [libjvm.so+0x52e8c0], sa_mask[0]=0x7ffbfeff, sa_flags=0x10000004
SIGILL: [libjvm.so+0x52e8c0], sa_mask[0]=0x7ffbfeff, sa_flags=0x10000004
SIGUSR1: SIG_DFL, sa_mask[0]=0x00000000, sa_flags=0x00000000
SIGUSR2: [libjvm.so+0x52e750], sa_mask[0]=0x00000004, sa_flags=0x10000004
SIGHUP: SIG_DFL, sa_mask[0]=0x00000000, sa_flags=0x00000000
SIGINT: SIG_DFL, sa_mask[0]=0x00000000, sa_flags=0x00000000
SIGTERM: SIG_DFL, sa_mask[0]=0x00000000, sa_flags=0x00000000
SIGQUIT: SIG_DFL, sa_mask[0]=0x00000000, sa_flags=0x00000000


---------------  S Y S T E M  ---------------

OS:Ubuntu 12.04 (precise)
uname:Linux 3.2.0-35-generic-pae #55-Ubuntu SMP Wed Dec 5 18:04:39 UTC 2012 i686
libc:glibc 2.15 NPTL 2.15 
rlimit: STACK 8192k, CORE 0k, NPROC 15719, NOFILE 4096, AS infinity
load average:0.15 0.16 0.32

/proc/meminfo:
MemTotal:        2026604 kB
MemFree:          258028 kB
Buffers:           32152 kB
Cached:          1033012 kB
SwapCached:           64 kB
Active:           856600 kB
Inactive:         834824 kB
Active(anon):     537620 kB
Inactive(anon):   443224 kB
Active(file):     318980 kB
Inactive(file):   391600 kB
Unevictable:          16 kB
Mlocked:              16 kB
HighTotal:       1148552 kB
HighFree:          15812 kB
LowTotal:         878052 kB
LowFree:          242216 kB
SwapTotal:        975868 kB
SwapFree:         974560 kB
Dirty:               176 kB
Writeback:             0 kB
AnonPages:        626212 kB
Mapped:           170904 kB
Shmem:            354584 kB
Slab:              46460 kB
SReclaimable:      29964 kB
SUnreclaim:        16496 kB
KernelStack:        3848 kB
PageTables:         9976 kB
NFS_Unstable:          0 kB
Bounce:                0 kB
WritebackTmp:          0 kB
CommitLimit:     1989168 kB
Committed_AS:    3935812 kB
VmallocTotal:     122880 kB
VmallocUsed:       18720 kB
VmallocChunk:      96028 kB
HardwareCorrupted:     0 kB
AnonHugePages:         0 kB
HugePages_Total:       0
HugePages_Free:        0
HugePages_Rsvd:        0
HugePages_Surp:        0
Hugepagesize:       2048 kB
DirectMap4k:       10232 kB
DirectMap2M:      903168 kB


CPU:total 2 (2 cores per cpu, 1 threads per core) family 6 model 23 stepping 10, cmov, cx8, fxsr, mmx, sse, sse2, sse3, ssse3

Memory: 4k page, physical 2026604k(258028k free), swap 975868k(974560k free)

vm_info: OpenJDK Server VM (20.0-b12) for linux-x86 JRE (1.6.0_24-b24), built on Oct 24 2012 16:19:13 by "buildd" with gcc 4.6.3

time: Thu Feb  7 22:31:23 2013
elapsed time: 0 seconds

